{"level":"error","message":"TypeError [ERR_INVALID_ARG_TYPE]: The \"data\" argument must be of type string or an instance of Buffer, TypedArray, or DataView. Received undefined\n    at Module.writeFileSync (node:fs:2334:5)\n    at Object.createNote (file:///C:/Users/selut/Documents/GitHub/DAW/segundo/entornoServidor/NodeJS/proyectoNpmNotas/src/controllers/notesController.js:9:8)\n    at file:///C:/Users/selut/Documents/GitHub/DAW/segundo/entornoServidor/NodeJS/proyectoNpmNotas/src/routes/notesRoutes.js:20:19\n    at Layer.handle [as handle_request] (C:\\Users\\selut\\Documents\\GitHub\\DAW\\segundo\\entornoServidor\\NodeJS\\proyectoNpmNotas\\node_modules\\express\\lib\\router\\layer.js:95:5)\n    at next (C:\\Users\\selut\\Documents\\GitHub\\DAW\\segundo\\entornoServidor\\NodeJS\\proyectoNpmNotas\\node_modules\\express\\lib\\router\\route.js:144:13)\n    at Route.dispatch (C:\\Users\\selut\\Documents\\GitHub\\DAW\\segundo\\entornoServidor\\NodeJS\\proyectoNpmNotas\\node_modules\\express\\lib\\router\\route.js:114:3)\n    at Layer.handle [as handle_request] (C:\\Users\\selut\\Documents\\GitHub\\DAW\\segundo\\entornoServidor\\NodeJS\\proyectoNpmNotas\\node_modules\\express\\lib\\router\\layer.js:95:5)\n    at C:\\Users\\selut\\Documents\\GitHub\\DAW\\segundo\\entornoServidor\\NodeJS\\proyectoNpmNotas\\node_modules\\express\\lib\\router\\index.js:284:15\n    at Function.process_params (C:\\Users\\selut\\Documents\\GitHub\\DAW\\segundo\\entornoServidor\\NodeJS\\proyectoNpmNotas\\node_modules\\express\\lib\\router\\index.js:346:12)\n    at next (C:\\Users\\selut\\Documents\\GitHub\\DAW\\segundo\\entornoServidor\\NodeJS\\proyectoNpmNotas\\node_modules\\express\\lib\\router\\index.js:280:10)"}
{"level":"error"}
{"level":"error"}
{"code":"ENOENT","errno":-4058,"level":"error","path":"\\\\?\\C:\\Users\\selut\\Documents\\GitHub\\DAW\\segundo\\entornoServidor\\NodeJS\\proyectoNpmNotas\\notas\\Holaa.note","status":404,"syscall":"open"}
{"code":"ENOENT","errno":-4058,"level":"info","path":"\\\\?\\C:\\Users\\selut\\Documents\\GitHub\\DAW\\segundo\\entornoServidor\\NodeJS\\proyectoNpmNotas\\notas\\Holaa.note","status":404,"syscall":"open"}
{"code":"ENOENT","errno":-4058,"level":"info","path":"\\\\?\\C:\\Users\\selut\\Documents\\GitHub\\DAW\\segundo\\entornoServidor\\NodeJS\\proyectoNpmNotas\\notas\\Holaa.note","status":404,"syscall":"open"}
{"code":"ENOENT","errno":-4058,"level":"error","path":"\\\\?\\C:\\Users\\selut\\Documents\\GitHub\\DAW\\segundo\\entornoServidor\\NodeJS\\proyectoNpmNotas\\notas\\Holaa.note","status":404,"syscall":"open"}
{"code":"ENOENT","errno":-4058,"level":"error","path":"\\\\?\\C:\\Users\\selut\\Documents\\GitHub\\DAW\\segundo\\entornoServidor\\NodeJS\\proyectoNpmNotas\\notas\\Holaa.note","status":404,"syscall":"open"}
{"code":"ENOENT","errno":-4058,"level":"error","path":"\\\\?\\C:\\Users\\selut\\Documents\\GitHub\\DAW\\segundo\\entornoServidor\\NodeJS\\proyectoNpmNotas\\notas\\Holaa.note","status":404,"syscall":"open"}
{"code":"ERR_INVALID_ARG_TYPE","level":"error"}
{"level":"error"}
{"level":"error"}
{"level":"error"}
{"level":"error","status":400}
{"level":"error","status":400}
{"level":"error","status":400}
{"level":"error","status":400}
{"level":"error","status":400}
{"level":"error","status":400}
{"level":"error","status":400}
{"level":"error","status":400}
{"level":"error","status":400}
{"level":"error","status":400}
{"level":"error","status":400}
undefined
undefined
undefined
{"body":"{\r\n  \"nombreArchivo\": \"lol\"\r\n  \"contenido\": \"admin123\"\r\n}\r\n","expose":true,"level":"error","status":400,"statusCode":400,"type":"entity.parse.failed"}
undefined
{"level":"error"}
{"level":"error"}
undefined
undefined
{"level":"error","status":400}
{"level":"error","status":400}
{"code":"ENOENT","errno":-4058,"level":"error","path":"C:\\Users\\selut\\Documents\\GitHub\\DAW\\segundo\\entornoServidor\\NodeJS\\proyectoNpmNotas\\notas","syscall":"scandir"}
{"code":"ENOENT","errno":-4058,"level":"error","path":"C:\\Users\\selut\\Documents\\GitHub\\DAW\\segundo\\entornoServidor\\NodeJS\\proyectoNpmNotas\\notas","syscall":"scandir"}
{"code":"ENOENT","errno":-4058,"level":"error","path":"C:\\Users\\selut\\Documents\\GitHub\\DAW\\segundo\\entornoServidor\\NodeJS\\proyectoNpmNotas\\notas","syscall":"scandir"}
{"code":"ENOENT","errno":-4058,"level":"error","path":"C:\\Users\\selut\\Documents\\GitHub\\DAW\\segundo\\entornoServidor\\NodeJS\\proyectoNpmNotas\\notas","syscall":"scandir"}
{"code":"ENOENT","errno":-4058,"level":"error","path":"C:\\Users\\selut\\Documents\\GitHub\\DAW\\segundo\\entornoServidor\\NodeJS\\proyectoNpmNotas\\notas\\NombreNotaAqui.note","status":404,"syscall":"open"}
undefined
undefined
{"level":"error","status":400}
{"level":"error","status":400}
{"charset":"utf-8","level":"error","message":"unsupported charset \"UTF-8\"","type":"charset.unsupported"}
{"charset":"utf-8","level":"error","message":"unsupported charset \"UTF-8\"","type":"charset.unsupported"}
{"charset":"utf-8","level":"error","message":"unsupported charset \"UTF-8\"","type":"charset.unsupported"}
{"charset":"utf-8","level":"error","message":"unsupported charset \"UTF-8\"","type":"charset.unsupported"}
{"charset":"utf-8","level":"error","message":"unsupported charset \"UTF-8\"","type":"charset.unsupported"}
{"code":"ENOENT","errno":-4058,"level":"error","path":"\\\\?\\C:\\Users\\selut\\Documents\\GitHub\\DAW\\segundo\\entornoServidor\\NodeJS\\proyectoNpmNotas\\notas\\NombreNotaAqui.note","status":404,"syscall":"open"}
undefined
undefined
{"code":"ENOENT","errno":-4058,"level":"error","path":"\\\\?\\C:\\Users\\selut\\Documents\\GitHub\\DAW\\segundo\\entornoServidor\\NodeJS\\proyectoNpmNotas\\notas\\NombreNotaAqui.note","status":404,"syscall":"open"}
undefined
undefined
{"code":"ENOENT","errno":-4058,"level":"error","path":"\\\\?\\C:\\Users\\selut\\Documents\\GitHub\\DAW\\segundo\\entornoServidor\\NodeJS\\proyectoNpmNotas\\notas\\NombreNotaAqui.note","status":404,"syscall":"open"}
undefined
undefined
{"code":"ENOENT","errno":-4058,"level":"error","path":"\\\\?\\C:\\Users\\selut\\Documents\\GitHub\\DAW\\segundo\\entornoServidor\\NodeJS\\proyectoNpmNotas\\notas\\NombreNotaAqui.note","status":404,"syscall":"open"}
undefined
undefined
{"code":"ENOENT","errno":-4058,"level":"error","path":"\\\\?\\C:\\Users\\selut\\Documents\\GitHub\\DAW\\segundo\\entornoServidor\\NodeJS\\proyectoNpmNotas\\notas\\NombreNotaAqui.note","status":404,"syscall":"open"}
undefined
undefined
{"code":"ENOENT","errno":-4058,"level":"error","path":"\\\\?\\C:\\Users\\selut\\Documents\\GitHub\\DAW\\segundo\\entornoServidor\\NodeJS\\proyectoNpmNotas\\notas\\NombreNotaAqui.note","status":404,"syscall":"open"}
{"code":"ENOENT","errno":-4058,"level":"error","path":"\\\\?\\C:\\Users\\selut\\Documents\\GitHub\\DAW\\segundo\\entornoServidor\\NodeJS\\proyectoNpmNotas\\notas\\NombreNotaAqui.note","status":404,"syscall":"open"}
undefined
